\BOOKMARK [1][-]{section.1}{\376\377\000I\000n\000t\000r\000o\000d\000u\000c\000t\000i\000o\000n}{}% 1
\BOOKMARK [2][-]{subsection.1.1}{\376\377\000B\000a\000c\000k\000g\000r\000o\000u\000n\000d}{section.1}% 2
\BOOKMARK [2][-]{subsection.1.2}{\376\377\000L\000i\000t\000e\000r\000a\000t\000u\000r\000e\000\040\000R\000e\000v\000i\000e\000w}{section.1}% 3
\BOOKMARK [2][-]{subsection.1.3}{\376\377\000T\000h\000e\000\040\000D\000e\000s\000c\000r\000i\000p\000t\000i\000o\000n\000\040\000o\000f\000\040\000t\000h\000e\000\040\000P\000r\000o\000b\000l\000e\000m}{section.1}% 4
\BOOKMARK [2][-]{subsection.1.4}{\376\377\000O\000u\000r\000\040\000W\000o\000r\000k}{section.1}% 5
\BOOKMARK [1][-]{section.2}{\376\377\000A\000s\000s\000u\000m\000p\000t\000i\000o\000n\000s}{}% 6
\BOOKMARK [1][-]{section.3}{\376\377\000N\000o\000t\000a\000t\000i\000o\000n\000s}{}% 7
\BOOKMARK [1][-]{section.4}{\376\377\000M\000o\000d\000e\000l\000s}{}% 8
\BOOKMARK [2][-]{subsection.4.1}{\376\377\000M\000o\000d\000e\000l\000i\000n\000g\000\040\000a\000n\000d\000\040\000S\000o\000l\000v\000i\000n\000g\000\040\000o\000f\000\040\000T\000a\000s\000k\000\040\0001\000:\000\040\000B\000a\000y\000e\000s\000i\000a\000n\000\040\000F\000a\000n\000-\000V\000o\000t\000e\000\040\000I\000n\000f\000e\000r\000e\000n\000c\000e}{section.4}% 9
\BOOKMARK [3][-]{subsubsection.4.1.1}{\376\377\000P\000r\000o\000b\000l\000e\000m\000\040\000A\000n\000a\000l\000y\000s\000i\000s}{subsection.4.1}% 10
\BOOKMARK [3][-]{subsubsection.4.1.2}{\376\377\000M\000o\000d\000e\000l\000\040\000P\000r\000e\000p\000a\000r\000a\000t\000i\000o\000n}{subsection.4.1}% 11
\BOOKMARK [3][-]{subsubsection.4.1.3}{\376\377\000M\000o\000d\000e\000l\000\040\000C\000o\000n\000s\000t\000r\000u\000c\000t\000i\000o\000n}{subsection.4.1}% 12
\BOOKMARK [3][-]{subsubsection.4.1.4}{\376\377\000M\000o\000d\000e\000l\000\040\000S\000o\000l\000u\000t\000i\000o\000n}{subsection.4.1}% 13
\BOOKMARK [2][-]{subsection.4.2}{\376\377\000M\000o\000d\000e\000l\000i\000n\000g\000\040\000a\000n\000d\000\040\000S\000o\000l\000v\000i\000n\000g\000\040\000o\000f\000\040\000T\000a\000s\000k\000\040\0002\000:\000\040\000V\000o\000t\000i\000n\000g\000-\000R\000u\000l\000e\000\040\000C\000o\000m\000p\000a\000r\000i\000s\000o\000n\000\040\000a\000n\000d\000\040\000W\000h\000o\000\040\000B\000e\000n\000e\000f\000i\000t\000s}{section.4}% 14
\BOOKMARK [3][-]{subsubsection.4.2.1}{\376\377\000P\000r\000o\000b\000l\000e\000m\000\040\000A\000n\000a\000l\000y\000s\000i\000s}{subsection.4.2}% 15
\BOOKMARK [3][-]{subsubsection.4.2.2}{\376\377\000M\000o\000d\000e\000l\000\040\000P\000r\000e\000p\000a\000r\000a\000t\000i\000o\000n}{subsection.4.2}% 16
\BOOKMARK [3][-]{subsubsection.4.2.3}{\376\377\000M\000o\000d\000e\000l\000\040\000S\000o\000l\000u\000t\000i\000o\000n}{subsection.4.2}% 17
\BOOKMARK [2][-]{subsection.4.3}{\376\377\000M\000o\000d\000e\000l\000i\000n\000g\000\040\000a\000n\000d\000\040\000S\000o\000l\000v\000i\000n\000g\000\040\000o\000f\000\040\000T\000a\000s\000k\000\040\0003\000:\000\040\000E\000x\000p\000l\000a\000n\000a\000t\000o\000r\000y\000\040\000R\000e\000g\000r\000e\000s\000s\000i\000o\000n\000\040\000a\000n\000d\000\040\000S\000e\000n\000s\000i\000t\000i\000v\000i\000t\000y}{section.4}% 18
\BOOKMARK [3][-]{subsubsection.4.3.1}{\376\377\000P\000r\000o\000b\000l\000e\000m\000\040\000A\000n\000a\000l\000y\000s\000i\000s}{subsection.4.3}% 19
\BOOKMARK [3][-]{subsubsection.4.3.2}{\376\377\000M\000o\000d\000e\000l\000\040\000P\000r\000e\000p\000a\000r\000a\000t\000i\000o\000n}{subsection.4.3}% 20
\BOOKMARK [3][-]{subsubsection.4.3.3}{\376\377\000M\000o\000d\000e\000l\000\040\000C\000o\000n\000s\000t\000r\000u\000c\000t\000i\000o\000n}{subsection.4.3}% 21
\BOOKMARK [3][-]{subsubsection.4.3.4}{\376\377\000M\000o\000d\000e\000l\000\040\000S\000o\000l\000u\000t\000i\000o\000n}{subsection.4.3}% 22
\BOOKMARK [2][-]{subsection.4.4}{\376\377\000M\000o\000d\000e\000l\000i\000n\000g\000\040\000a\000n\000d\000\040\000S\000o\000l\000v\000i\000n\000g\000\040\000o\000f\000\040\000T\000a\000s\000k\000\040\0004\000:\000\040\000F\000a\000i\000r\000V\000o\000t\000e\000\040\000B\000a\000c\000k\000t\000e\000s\000t\000,\000\040\000T\000u\000n\000i\000n\000g\000,\000\040\000a\000n\000d\000\040\000R\000o\000b\000u\000s\000t\000n\000e\000s\000s}{section.4}% 23
\BOOKMARK [3][-]{subsubsection.4.4.1}{\376\377\000P\000r\000o\000b\000l\000e\000m\000\040\000A\000n\000a\000l\000y\000s\000i\000s}{subsection.4.4}% 24
\BOOKMARK [3][-]{subsubsection.4.4.2}{\376\377\000M\000o\000d\000e\000l\000\040\000P\000r\000e\000p\000a\000r\000a\000t\000i\000o\000n}{subsection.4.4}% 25
\BOOKMARK [3][-]{subsubsection.4.4.3}{\376\377\000M\000o\000d\000e\000l\000\040\000C\000o\000n\000s\000t\000r\000u\000c\000t\000i\000o\000n}{subsection.4.4}% 26
\BOOKMARK [3][-]{subsubsection.4.4.4}{\376\377\000M\000o\000d\000e\000l\000\040\000S\000o\000l\000u\000t\000i\000o\000n}{subsection.4.4}% 27
\BOOKMARK [1][-]{section.5}{\376\377\000S\000e\000n\000s\000i\000t\000i\000v\000i\000t\000y\000\040\000A\000n\000a\000l\000y\000s\000i\000s}{}% 28
\BOOKMARK [2][-]{subsection.5.1}{\376\377\000S\000e\000n\000s\000i\000t\000i\000v\000i\000t\000y\000\040\000A\000n\000a\000l\000y\000s\000i\000s\000\040\000o\000f\000\040\000T\000a\000s\000k\000\040\0001\000:\000\040\000B\000a\000y\000e\000s\000i\000a\000n\000\040\000F\000a\000n\000-\000V\000o\000t\000e\000\040\000I\000n\000f\000e\000r\000e\000n\000c\000e}{section.5}% 29
\BOOKMARK [2][-]{subsection.5.2}{\376\377\000S\000e\000n\000s\000i\000t\000i\000v\000i\000t\000y\000\040\000A\000n\000a\000l\000y\000s\000i\000s\000\040\000o\000f\000\040\000T\000a\000s\000k\000\040\0003\000:\000\040\000E\000x\000p\000l\000a\000n\000a\000t\000o\000r\000y\000\040\000R\000e\000g\000r\000e\000s\000s\000i\000o\000n\000\040\000a\000n\000d\000\040\000S\000e\000n\000s\000i\000t\000i\000v\000i\000t\000y}{section.5}% 30
\BOOKMARK [2][-]{subsection.5.3}{\376\377\000S\000e\000n\000s\000i\000t\000i\000v\000i\000t\000y\000\040\000A\000n\000a\000l\000y\000s\000i\000s\000\040\000o\000f\000\040\000T\000a\000s\000k\000\040\0004\000:\000\040\000F\000a\000i\000r\000V\000o\000t\000e\000\040\000B\000a\000c\000k\000t\000e\000s\000t\000,\000\040\000T\000u\000n\000i\000n\000g\000,\000\040\000a\000n\000d\000\040\000R\000o\000b\000u\000s\000t\000n\000e\000s\000s}{section.5}% 31
\BOOKMARK [1][-]{section.6}{\376\377\000M\000o\000d\000e\000l\000\040\000E\000v\000a\000l\000u\000a\000t\000i\000o\000n}{}% 32
\BOOKMARK [2][-]{subsection.6.1}{\376\377\000A\000d\000v\000a\000n\000t\000a\000g\000e\000s}{section.6}% 33
\BOOKMARK [2][-]{subsection.6.2}{\376\377\000L\000i\000m\000i\000t\000a\000t\000i\000o\000n\000s}{section.6}% 34
\BOOKMARK [1][-]{section.7}{\376\377\000M\000e\000m\000o\000:\000\040\000F\000a\000i\000r\000\040\000a\000n\000d\000\040\000E\000x\000c\000i\000t\000i\000n\000g\000\040\000E\000l\000i\000m\000i\000n\000a\000t\000i\000o\000n\000\040\000D\000e\000s\000i\000g\000n\000:\000\040\000R\000a\000n\000k\000\040\000v\000s\000\040\000P\000e\000r\000c\000e\000n\000t\000\040\000v\000s\000\040\000J\000u\000d\000g\000e\000\040\000S\000a\000v\000e}{}% 35
\BOOKMARK [1][-]{section.8}{\376\377\000R\000e\000f\000e\000r\000e\000n\000c\000e\000s}{}% 36
