This is XeTeX, Version 3.141592653-2.6-0.999997 (TeX Live 2025) (preloaded format=xelatex 2026.1.29)  3 FEB 2026 00:09
entering extended mode
 restricted \write18 enabled.
 file:line:error style messages enabled.
 %&-line parsing enabled.
**/Users/jingyuanzhang/Program/2608125Thesis/main/main
(/Users/jingyuanzhang/Program/2608125Thesis/main/main.tex
LaTeX2e <2024-11-01> patch level 2
L3 programming layer <2025-01-18>
(./mcmthesis.cls
Document Class: mcmthesis 2024/01/22 v6.3.3 The Thesis Template Designed For MCM/ICM
The Thesis Template Designed For MCM/ICM
(/usr/local/texlive/2025/texmf-dist/tex/latex/xkeyval/xkeyval.sty
Package: xkeyval 2022/06/16 v2.9 package option processing (HA)
 (/usr/local/texlive/2025/texmf-dist/tex/generic/xkeyval/xkeyval.tex (/usr/local/texlive/2025/texmf-dist/tex/generic/xkeyval/xkvutils.tex
\XKV@toks=\toks17
\XKV@tempa@toks=\toks18
 (/usr/local/texlive/2025/texmf-dist/tex/generic/xkeyval/keyval.tex))
\XKV@depth=\count192
File: xkeyval.tex 2014/12/03 v2.7a key=value parser (HA)
)) (/usr/local/texlive/2025/texmf-dist/tex/latex/etoolbox/etoolbox.sty
Package: etoolbox 2025/02/11 v2.5l e-TeX tools for LaTeX (JAW)
\etb@tempcnta=\count193
) (/usr/local/texlive/2025/texmf-dist/tex/latex/base/article.cls
Document Class: article 2024/06/29 v1.4n Standard LaTeX document class
(/usr/local/texlive/2025/texmf-dist/tex/latex/base/size12.clo
File: size12.clo 2024/06/29 v1.4n Standard LaTeX file (size option)
)
\c@part=\count194
\c@section=\count195
\c@subsection=\count196
\c@subsubsection=\count197
\c@paragraph=\count198
\c@subparagraph=\count199
\c@figure=\count266
\c@table=\count267
\abovecaptionskip=\skip49
\belowcaptionskip=\skip50
\bibindent=\dimen141
) (/usr/local/texlive/2025/texmf-dist/tex/latex/fancyhdr/fancyhdr.sty
Package: fancyhdr 2025/02/07 v5.2 Extensive control of page headers and footers
\f@nch@headwidth=\skip51
\f@nch@offset@elh=\skip52
\f@nch@offset@erh=\skip53
\f@nch@offset@olh=\skip54
\f@nch@offset@orh=\skip55
\f@nch@offset@elf=\skip56
\f@nch@offset@erf=\skip57
\f@nch@offset@olf=\skip58
\f@nch@offset@orf=\skip59
\f@nch@height=\skip60
\f@nch@footalignment=\skip61
\f@nch@widthL=\skip62
\f@nch@widthC=\skip63
\f@nch@widthR=\skip64
\@temptokenb=\toks19
) (/usr/local/texlive/2025/texmf-dist/tex/latex/fancybox/fancybox.sty
Package: fancybox 2010/05/15 1.4

Style option: `fancybox' v1.4 <2010/05/15> (tvz)
\@fancybox=\box52
\shadowsize=\dimen142
\@Sbox=\box53
\do@VerbBox=\toks20
\the@fancyput=\toks21
\this@fancyput=\toks22
\EndVerbatimTokens=\toks23
\Verbatim@Outfile=\write3
\Verbatim@Infile=\read2
) (/usr/local/texlive/2025/texmf-dist/tex/latex/base/ifthen.sty
Package: ifthen 2024/03/16 v1.1e Standard LaTeX ifthen package (DPC)
) (/usr/local/texlive/2025/texmf-dist/tex/latex/listings/listings.sty
\lst@mode=\count268
\lst@gtempboxa=\box54
\lst@token=\toks24
\lst@length=\count269
\lst@currlwidth=\dimen143
\lst@column=\count270
\lst@pos=\count271
\lst@lostspace=\dimen144
\lst@width=\dimen145
\lst@newlines=\count272
\lst@lineno=\count273
\lst@maxwidth=\dimen146
 (/usr/local/texlive/2025/texmf-dist/tex/latex/listings/lstpatch.sty
File: lstpatch.sty 2024/09/23 1.10c (Carsten Heinz)
) (/usr/local/texlive/2025/texmf-dist/tex/latex/listings/lstmisc.sty
File: lstmisc.sty 2024/09/23 1.10c (Carsten Heinz)
\c@lstnumber=\count274
\lst@skipnumbers=\count275
\lst@framebox=\box55
) (/usr/local/texlive/2025/texmf-dist/tex/latex/listings/listings.cfg
File: listings.cfg 2024/09/23 1.10c listings configuration
))
Package: listings 2024/09/23 1.10c (Carsten Heinz)
 (/usr/local/texlive/2025/texmf-dist/tex/latex/appendix/appendix.sty
Package: appendix 2020/02/08 v1.2c extra appendix facilities
\c@@pps=\count276
\c@@ppsavesec=\count277
\c@@ppsaveapp=\count278
) (/usr/local/texlive/2025/texmf-dist/tex/latex/paralist/paralist.sty
Package: paralist 2017/01/22 v2.7 Extended list environments
\pltopsep=\skip65
\plpartopsep=\skip66
\plitemsep=\skip67
\plparsep=\skip68
\pl@lab=\toks25
) (/usr/local/texlive/2025/texmf-dist/tex/latex/amscls/amsthm.sty
Package: amsthm 2020/05/29 v2.20.6
\thm@style=\toks26
\thm@bodyfont=\toks27
\thm@headfont=\toks28
\thm@notefont=\toks29
\thm@headpunct=\toks30
\thm@preskip=\skip69
\thm@postskip=\skip70
\thm@headsep=\skip71
\dth@everypar=\toks31
) (/usr/local/texlive/2025/texmf-dist/tex/latex/amsfonts/amsfonts.sty
Package: amsfonts 2013/01/14 v3.01 Basic AMSFonts support
\@emptytoks=\toks32
\symAMSa=\mathgroup4
\symAMSb=\mathgroup5
LaTeX Font Info:    Redeclaring math symbol \hbar on input line 98.
LaTeX Font Info:    Overwriting math alphabet `\mathfrak' in version `bold'
(Font)                  U/euf/m/n --> U/euf/b/n on input line 106.
) (/usr/local/texlive/2025/texmf-dist/tex/latex/amsmath/amsmath.sty
Package: amsmath 2024/11/05 v2.17t AMS math features
\@mathmargin=\skip72

For additional information on amsmath, use the `?' option.
(/usr/local/texlive/2025/texmf-dist/tex/latex/amsmath/amstext.sty
Package: amstext 2021/08/26 v2.01 AMS text
 (/usr/local/texlive/2025/texmf-dist/tex/latex/amsmath/amsgen.sty
File: amsgen.sty 1999/11/30 v2.0 generic functions
\@emptytoks=\toks33
\ex@=\dimen147
)) (/usr/local/texlive/2025/texmf-dist/tex/latex/amsmath/amsbsy.sty
Package: amsbsy 1999/11/29 v1.2d Bold Symbols
\pmbraise@=\dimen148
) (/usr/local/texlive/2025/texmf-dist/tex/latex/amsmath/amsopn.sty
Package: amsopn 2022/04/08 v2.04 operator names
)
\inf@bad=\count279
LaTeX Info: Redefining \frac on input line 233.
\uproot@=\count280
\leftroot@=\count281
LaTeX Info: Redefining \overline on input line 398.
LaTeX Info: Redefining \colon on input line 409.
\classnum@=\count282
\DOTSCASE@=\count283
LaTeX Info: Redefining \ldots on input line 495.
LaTeX Info: Redefining \dots on input line 498.
LaTeX Info: Redefining \cdots on input line 619.
\Mathstrutbox@=\box56
\strutbox@=\box57
LaTeX Info: Redefining \big on input line 721.
LaTeX Info: Redefining \Big on input line 722.
LaTeX Info: Redefining \bigg on input line 723.
LaTeX Info: Redefining \Bigg on input line 724.
\big@size=\dimen149
LaTeX Font Info:    Redeclaring font encoding OML on input line 742.
LaTeX Font Info:    Redeclaring font encoding OMS on input line 743.
\macc@depth=\count284
LaTeX Info: Redefining \bmod on input line 904.
LaTeX Info: Redefining \pmod on input line 909.
LaTeX Info: Redefining \smash on input line 939.
LaTeX Info: Redefining \relbar on input line 969.
LaTeX Info: Redefining \Relbar on input line 970.
\c@MaxMatrixCols=\count285
\dotsspace@=\muskip17
\c@parentequation=\count286
\dspbrk@lvl=\count287
\tag@help=\toks34
\row@=\count288
\column@=\count289
\maxfields@=\count290
\andhelp@=\toks35
\eqnshift@=\dimen150
\alignsep@=\dimen151
\tagshift@=\dimen152
\tagwidth@=\dimen153
\totwidth@=\dimen154
\lineht@=\dimen155
\@envbody=\toks36
\multlinegap=\skip73
\multlinetaggap=\skip74
\mathdisplay@stack=\toks37
LaTeX Info: Redefining \[ on input line 2953.
LaTeX Info: Redefining \] on input line 2954.
) (/usr/local/texlive/2025/texmf-dist/tex/latex/tools/bm.sty
Package: bm 2023/12/19 v1.2f Bold Symbol Support (DPC/FMi)
\symboldoperators=\mathgroup6
\symboldletters=\mathgroup7
\symboldsymbols=\mathgroup8
Package bm Info: No bold for \OMX/cmex/m/n, using \pmb.
Package bm Info: No bold for \U/msa/m/n, using \pmb.
Package bm Info: No bold for \U/msb/m/n, using \pmb.
LaTeX Font Info:    Redeclaring math alphabet \mathbf on input line 149.
) (/usr/local/texlive/2025/texmf-dist/tex/latex/amsfonts/amssymb.sty
Package: amssymb 2013/01/14 v3.01 AMS font symbols
) (/usr/local/texlive/2025/texmf-dist/tex/latex/jknapltx/mathrsfs.sty
Package: mathrsfs 1996/01/01 Math RSFS package v1.0 (jk)
\symrsfs=\mathgroup9
) (/usr/local/texlive/2025/texmf-dist/tex/latex/base/latexsym.sty
Package: latexsym 1998/08/17 v2.2e Standard LaTeX package (lasy symbols)
\symlasy=\mathgroup10
LaTeX Font Info:    Overwriting symbol font `lasy' in version `bold'
(Font)                  U/lasy/m/n --> U/lasy/b/n on input line 52.
) (/usr/local/texlive/2025/texmf-dist/tex/latex/tools/longtable.sty
Package: longtable 2024-10-27 v4.22 Multi-page Table package (DPC)
\LTleft=\skip75
\LTright=\skip76
\LTpre=\skip77
\LTpost=\skip78
\LTchunksize=\count291
\LTcapwidth=\dimen156
\LT@head=\box58
\LT@firsthead=\box59
\LT@foot=\box60
\LT@lastfoot=\box61
\LT@gbox=\box62
\LT@cols=\count292
\LT@rows=\count293
\c@LT@tables=\count294
\c@LT@chunks=\count295
\LT@p@ftn=\toks38
) (/usr/local/texlive/2025/texmf-dist/tex/latex/multirow/multirow.sty
Package: multirow 2024/11/12 v2.9 Span multiple rows of a table
\multirow@colwidth=\skip79
\multirow@cntb=\count296
\multirow@dima=\skip80
\bigstrutjot=\dimen157
) (/usr/local/texlive/2025/texmf-dist/tex/latex/tools/hhline.sty
Package: hhline 2020/01/04 v2.04 Table rule package (DPC)
) (/usr/local/texlive/2025/texmf-dist/tex/latex/tools/tabularx.sty
Package: tabularx 2023/12/11 v2.12a `tabularx' package (DPC)
 (/usr/local/texlive/2025/texmf-dist/tex/latex/tools/array.sty
Package: array 2024/10/17 v2.6g Tabular extension package (FMi)
\col@sep=\dimen158
\ar@mcellbox=\box63
\extrarowheight=\dimen159
\NC@list=\toks39
\extratabsurround=\skip81
\backup@length=\skip82
\ar@cellbox=\box64
)
\TX@col@width=\dimen160
\TX@old@table=\dimen161
\TX@old@col=\dimen162
\TX@target=\dimen163
\TX@delta=\dimen164
\TX@cols=\count297
\TX@ftn=\toks40
) (/usr/local/texlive/2025/texmf-dist/tex/latex/base/flafter.sty
Package: flafter 2021/07/31 v1.4e Standard LaTeX floats after reference (FMi)
Applying: [2015/01/01] float order in 2-column on input line 49.
Already applied: [0000/00/00] float order in 2-column on input line 151.
) (/usr/local/texlive/2025/texmf-dist/tex/latex/psnfss/pifont.sty
Package: pifont 2020/03/25 PSNFSS-v9.3 Pi font support (SPQR) 
LaTeX Font Info:    Trying to load font information for U+pzd on input line 63.
 (/usr/local/texlive/2025/texmf-dist/tex/latex/psnfss/upzd.fd
File: upzd.fd 2001/06/04 font definitions for U/pzd.
)
LaTeX Font Info:    Trying to load font information for U+psy on input line 64.
 (/usr/local/texlive/2025/texmf-dist/tex/latex/psnfss/upsy.fd
File: upsy.fd 2001/06/04 font definitions for U/psy.
)) (/usr/local/texlive/2025/texmf-dist/tex/latex/tools/calc.sty
Package: calc 2023/07/08 v4.3 Infix arithmetic (KKT,FJ)
\calc@Acount=\count298
\calc@Bcount=\count299
\calc@Adimen=\dimen165
\calc@Bdimen=\dimen166
\calc@Askip=\skip83
\calc@Bskip=\skip84
LaTeX Info: Redefining \setlength on input line 80.
LaTeX Info: Redefining \addtolength on input line 81.
\calc@Ccount=\count300
\calc@Cskip=\skip85
) (/usr/local/texlive/2025/texmf-dist/tex/latex/colortbl/colortbl.sty
Package: colortbl 2024/07/06 v1.0i Color table columns (DPC)
 (/usr/local/texlive/2025/texmf-dist/tex/latex/graphics/color.sty
Package: color 2024/06/23 v1.3e Standard LaTeX Color (DPC)
 (/usr/local/texlive/2025/texmf-dist/tex/latex/graphics-cfg/color.cfg
File: color.cfg 2016/01/02 v1.6 sample color configuration
)
Package color Info: Driver file: xetex.def on input line 149.
 (/usr/local/texlive/2025/texmf-dist/tex/latex/graphics-def/xetex.def
File: xetex.def 2022/09/22 v5.0n Graphics/color driver for xetex
) (/usr/local/texlive/2025/texmf-dist/tex/latex/graphics/mathcolor.ltx))
\everycr=\toks41
\minrowclearance=\skip86
\rownum=\count301
) (/usr/local/texlive/2025/texmf-dist/tex/latex/booktabs/booktabs.sty
Package: booktabs 2020/01/12 v1.61803398 Publication quality tables
\heavyrulewidth=\dimen167
\lightrulewidth=\dimen168
\cmidrulewidth=\dimen169
\belowrulesep=\dimen170
\belowbottomsep=\dimen171
\aboverulesep=\dimen172
\abovetopsep=\dimen173
\cmidrulesep=\dimen174
\cmidrulekern=\dimen175
\defaultaddspace=\dimen176
\@cmidla=\count302
\@cmidlb=\count303
\@aboverulesep=\dimen177
\@belowrulesep=\dimen178
\@thisruleclass=\count304
\@lastruleclass=\count305
\@thisrulewidth=\dimen179
) (/usr/local/texlive/2025/texmf-dist/tex/latex/geometry/geometry.sty
Package: geometry 2020/01/02 v5.9 Page Geometry
 (/usr/local/texlive/2025/texmf-dist/tex/generic/iftex/ifvtex.sty
Package: ifvtex 2019/10/25 v1.7 ifvtex legacy package. Use iftex instead.
 (/usr/local/texlive/2025/texmf-dist/tex/generic/iftex/iftex.sty
Package: iftex 2024/12/12 v1.0g TeX engine tests
))
\Gm@cnth=\count306
\Gm@cntv=\count307
\c@Gm@tempcnt=\count308
\Gm@bindingoffset=\dimen180
\Gm@wd@mp=\dimen181
\Gm@odd@mp=\dimen182
\Gm@even@mp=\dimen183
\Gm@layoutwidth=\dimen184
\Gm@layoutheight=\dimen185
\Gm@layouthoffset=\dimen186
\Gm@layoutvoffset=\dimen187
\Gm@dimlist=\toks42
) (/usr/local/texlive/2025/texmf-dist/tex/latex/base/fontenc.sty
Package: fontenc 2021/04/29 v2.0v Standard LaTeX package
LaTeX Font Info:    Trying to load font information for T1+lmr on input line 116.
 (/usr/local/texlive/2025/texmf-dist/tex/latex/lm/t1lmr.fd
File: t1lmr.fd 2015/05/01 v1.6.1 Font defs for Latin Modern
)) (/usr/local/texlive/2025/texmf-dist/tex/latex/bera/berasans.sty
Package: berasans 2004/01/30 (WaS)
) (/usr/local/texlive/2025/texmf-dist/tex/latex/hyperref/hyperref.sty
Package: hyperref 2024-11-05 v7.01l Hypertext links for LaTeX
 (/usr/local/texlive/2025/texmf-dist/tex/latex/kvsetkeys/kvsetkeys.sty
Package: kvsetkeys 2022-10-05 v1.19 Key value parser (HO)
) (/usr/local/texlive/2025/texmf-dist/tex/generic/kvdefinekeys/kvdefinekeys.sty
Package: kvdefinekeys 2019-12-19 v1.6 Define keys (HO)
) (/usr/local/texlive/2025/texmf-dist/tex/generic/pdfescape/pdfescape.sty
Package: pdfescape 2019/12/09 v1.15 Implements pdfTeX's escape features (HO)
 (/usr/local/texlive/2025/texmf-dist/tex/generic/ltxcmds/ltxcmds.sty
Package: ltxcmds 2023-12-04 v1.26 LaTeX kernel commands for general use (HO)
) (/usr/local/texlive/2025/texmf-dist/tex/generic/pdftexcmds/pdftexcmds.sty
Package: pdftexcmds 2020-06-27 v0.33 Utility functions of pdfTeX for LuaTeX (HO)
 (/usr/local/texlive/2025/texmf-dist/tex/generic/infwarerr/infwarerr.sty
Package: infwarerr 2019/12/03 v1.5 Providing info/warning/error messages (HO)
)
Package pdftexcmds Info: \pdf@primitive is available.
Package pdftexcmds Info: \pdf@ifprimitive is available.
Package pdftexcmds Info: \pdfdraftmode not found.
)) (/usr/local/texlive/2025/texmf-dist/tex/latex/hycolor/hycolor.sty
Package: hycolor 2020-01-27 v1.10 Color options for hyperref/bookmark (HO)
) (/usr/local/texlive/2025/texmf-dist/tex/latex/hyperref/nameref.sty
Package: nameref 2023-11-26 v2.56 Cross-referencing by name of section
 (/usr/local/texlive/2025/texmf-dist/tex/latex/refcount/refcount.sty
Package: refcount 2019/12/15 v3.6 Data extraction from label references (HO)
) (/usr/local/texlive/2025/texmf-dist/tex/generic/gettitlestring/gettitlestring.sty
Package: gettitlestring 2019/12/15 v1.6 Cleanup title references (HO)
 (/usr/local/texlive/2025/texmf-dist/tex/latex/kvoptions/kvoptions.sty
Package: kvoptions 2022-06-15 v3.15 Key value format for package options (HO)
))
\c@section@level=\count309
) (/usr/local/texlive/2025/texmf-dist/tex/generic/stringenc/stringenc.sty
Package: stringenc 2019/11/29 v1.12 Convert strings between diff. encodings (HO)
)
\@linkdim=\dimen188
\Hy@linkcounter=\count310
\Hy@pagecounter=\count311
 (/usr/local/texlive/2025/texmf-dist/tex/latex/hyperref/pd1enc.def
File: pd1enc.def 2024-11-05 v7.01l Hyperref: PDFDocEncoding definition (HO)
) (/usr/local/texlive/2025/texmf-dist/tex/generic/intcalc/intcalc.sty
Package: intcalc 2019/12/15 v1.3 Expandable calculations with integers (HO)
)
\Hy@SavedSpaceFactor=\count312
 (/usr/local/texlive/2025/texmf-dist/tex/latex/hyperref/puenc.def
File: puenc.def 2024-11-05 v7.01l Hyperref: PDF Unicode definition (HO)
)
Package hyperref Info: Hyper figures OFF on input line 4157.
Package hyperref Info: Link nesting OFF on input line 4162.
Package hyperref Info: Hyper index ON on input line 4165.
Package hyperref Info: Plain pages OFF on input line 4172.
Package hyperref Info: Backreferencing OFF on input line 4177.
Package hyperref Info: Implicit mode ON; LaTeX internals redefined.
Package hyperref Info: Bookmarks ON on input line 4424.
\c@Hy@tempcnt=\count313
 (/usr/local/texlive/2025/texmf-dist/tex/latex/url/url.sty
\Urlmuskip=\muskip18
Package: url 2013/09/16  ver 3.4  Verb mode for urls, etc.
)
LaTeX Info: Redefining \url on input line 4763.
\XeTeXLinkMargin=\dimen189
 (/usr/local/texlive/2025/texmf-dist/tex/generic/bitset/bitset.sty
Package: bitset 2019/12/09 v1.3 Handle bit-vector datatype (HO)
 (/usr/local/texlive/2025/texmf-dist/tex/generic/bigintcalc/bigintcalc.sty
Package: bigintcalc 2019/12/15 v1.5 Expandable calculations on big integers (HO)
))
\Fld@menulength=\count314
\Field@Width=\dimen190
\Fld@charsize=\dimen191
Package hyperref Info: Hyper figures OFF on input line 6042.
Package hyperref Info: Link nesting OFF on input line 6047.
Package hyperref Info: Hyper index ON on input line 6050.
Package hyperref Info: backreferencing OFF on input line 6057.
Package hyperref Info: Link coloring OFF on input line 6062.
Package hyperref Info: Link coloring with OCG OFF on input line 6067.
Package hyperref Info: PDF/A mode OFF on input line 6072.
 (/usr/local/texlive/2025/texmf-dist/tex/latex/base/atbegshi-ltx.sty
Package: atbegshi-ltx 2021/01/10 v1.0c Emulation of the original atbegshi
package with kernel methods
)
\Hy@abspage=\count315
\c@Item=\count316
\c@Hfootnote=\count317
)
Package hyperref Info: Driver (autodetected): hxetex.
 (/usr/local/texlive/2025/texmf-dist/tex/latex/hyperref/hxetex.def
File: hxetex.def 2024-11-05 v7.01l Hyperref driver for XeTeX
\pdfm@box=\box65
\c@Hy@AnnotLevel=\count318
\HyField@AnnotCount=\count319
\Fld@listcount=\count320
\c@bookmark@seq@number=\count321
 (/usr/local/texlive/2025/texmf-dist/tex/latex/rerunfilecheck/rerunfilecheck.sty
Package: rerunfilecheck 2022-07-10 v1.10 Rerun checks for auxiliary files (HO)
 (/usr/local/texlive/2025/texmf-dist/tex/latex/base/atveryend-ltx.sty
Package: atveryend-ltx 2020/08/19 v1.0a Emulation of the original atveryend package
with kernel methods
) (/usr/local/texlive/2025/texmf-dist/tex/generic/uniquecounter/uniquecounter.sty
Package: uniquecounter 2019/12/15 v1.4 Provide unlimited unique counter (HO)
)
Package uniquecounter Info: New unique counter `rerunfilecheck' on input line 285.
)
\Hy@SectionHShift=\skip87
) (/usr/local/texlive/2025/texmf-dist/tex/generic/iftex/ifpdf.sty
Package: ifpdf 2019/10/25 v3.4 ifpdf legacy package. Use iftex instead.
) (/usr/local/texlive/2025/texmf-dist/tex/generic/iftex/ifxetex.sty
Package: ifxetex 2019/10/25 v0.7 ifxetex legacy package. Use iftex instead.
) (/usr/local/texlive/2025/texmf-dist/tex/latex/environ/environ.sty
Package: environ 2014/05/04 v0.3 A new way to define environments
 (/usr/local/texlive/2025/texmf-dist/tex/latex/trimspaces/trimspaces.sty
Package: trimspaces 2009/09/17 v1.1 Trim spaces around a token list
)) (/usr/local/texlive/2025/texmf-dist/tex/latex/graphics/graphicx.sty
Package: graphicx 2021/09/16 v1.2d Enhanced LaTeX Graphics (DPC,SPQR)
 (/usr/local/texlive/2025/texmf-dist/tex/latex/graphics/graphics.sty
Package: graphics 2024/08/06 v1.4g Standard LaTeX Graphics (DPC,SPQR)
 (/usr/local/texlive/2025/texmf-dist/tex/latex/graphics/trig.sty
Package: trig 2023/12/02 v1.11 sin cos tan (DPC)
) (/usr/local/texlive/2025/texmf-dist/tex/latex/graphics-cfg/graphics.cfg
File: graphics.cfg 2016/06/04 v1.11 sample graphics configuration
)
Package graphics Info: Driver file: xetex.def on input line 106.
)
\Gin@req@height=\dimen192
\Gin@req@width=\dimen193
) (/usr/local/texlive/2025/texmf-dist/tex/latex/xcolor/xcolor.sty
Package: xcolor 2024/09/29 v3.02 LaTeX color extensions (UK)
 (/usr/local/texlive/2025/texmf-dist/tex/latex/graphics-cfg/color.cfg
File: color.cfg 2016/01/02 v1.6 sample color configuration
)
Package xcolor Info: Driver file: xetex.def on input line 274.
LaTeX Info: Redefining \color on input line 762.
 (/usr/local/texlive/2025/texmf-dist/tex/latex/graphics/mathcolor.ltx)
Package xcolor Info: Model `cmy' substituted by `cmy0' on input line 1349.
Package xcolor Info: Model `RGB' extended on input line 1365.
Package xcolor Info: Model `HTML' substituted by `rgb' on input line 1367.
Package xcolor Info: Model `Hsb' substituted by `hsb' on input line 1368.
Package xcolor Info: Model `tHsb' substituted by `hsb' on input line 1369.
Package xcolor Info: Model `HSB' substituted by `hsb' on input line 1370.
Package xcolor Info: Model `Gray' substituted by `gray' on input line 1371.
Package xcolor Info: Model `wave' substituted by `hsb' on input line 1372.
) (/usr/local/texlive/2025/texmf-dist/tex/latex/xcolor/svgnam.def
File: svgnam.def 2024/09/29 v3.02 Predefined colors according to SVG 1.1 (UK)
)
\c@Theorem=\count322
 (/usr/local/texlive/2025/texmf-dist/tex/latex/listings/lstlang1.sty
File: lstlang1.sty 2024/09/23 1.10c listings language file
) (/usr/local/texlive/2025/texmf-dist/tex/latex/listings/lstmisc.sty
File: lstmisc.sty 2024/09/23 1.10c (Carsten Heinz)
)
LaTeX Info: Redefining \AIcite on input line 350.
) (/usr/local/texlive/2025/texmf-dist/tex/latex/txfonts/txfonts.sty
Package: txfonts 2008/01/22 v3.2.1
LaTeX Font Info:    Redeclaring symbol font `operators' on input line 21.
LaTeX Font Info:    Overwriting symbol font `operators' in version `normal'
(Font)                  OT1/cmr/m/n --> OT1/txr/m/n on input line 21.
LaTeX Font Info:    Overwriting symbol font `operators' in version `bold'
(Font)                  OT1/cmr/bx/n --> OT1/txr/m/n on input line 21.
LaTeX Font Info:    Overwriting symbol font `operators' in version `bold'
(Font)                  OT1/txr/m/n --> OT1/txr/bx/n on input line 22.
\symitalic=\mathgroup11
LaTeX Font Info:    Overwriting symbol font `italic' in version `bold'
(Font)                  OT1/txr/m/it --> OT1/txr/bx/it on input line 26.
LaTeX Font Info:    Redeclaring math alphabet \mathbf on input line 29.
LaTeX Font Info:    Redeclaring math alphabet \mathit on input line 30.
LaTeX Font Info:    Overwriting math alphabet `\mathit' in version `normal'
(Font)                  OT1/cmr/m/it --> OT1/txr/m/it on input line 30.
LaTeX Font Info:    Overwriting math alphabet `\mathit' in version `bold'
(Font)                  OT1/cmr/bx/it --> OT1/txr/m/it on input line 30.
LaTeX Font Info:    Overwriting math alphabet `\mathit' in version `bold'
(Font)                  OT1/txr/m/it --> OT1/txr/bx/it on input line 31.
LaTeX Font Info:    Redeclaring math alphabet \mathsf on input line 40.
LaTeX Font Info:    Overwriting math alphabet `\mathsf' in version `normal'
(Font)                  OT1/cmss/m/n --> OT1/txss/m/n on input line 40.
LaTeX Font Info:    Overwriting math alphabet `\mathsf' in version `bold'
(Font)                  OT1/cmss/bx/n --> OT1/txss/m/n on input line 40.
LaTeX Font Info:    Overwriting math alphabet `\mathsf' in version `bold'
(Font)                  OT1/txss/m/n --> OT1/txss/b/n on input line 41.
LaTeX Font Info:    Redeclaring math alphabet \mathtt on input line 50.
LaTeX Font Info:    Overwriting math alphabet `\mathtt' in version `normal'
(Font)                  OT1/cmtt/m/n --> OT1/txtt/m/n on input line 50.
LaTeX Font Info:    Overwriting math alphabet `\mathtt' in version `bold'
(Font)                  OT1/cmtt/m/n --> OT1/txtt/m/n on input line 50.
LaTeX Font Info:    Overwriting math alphabet `\mathtt' in version `bold'
(Font)                  OT1/txtt/m/n --> OT1/txtt/b/n on input line 51.
LaTeX Font Info:    Redeclaring symbol font `letters' on input line 58.
LaTeX Font Info:    Overwriting symbol font `letters' in version `normal'
(Font)                  OML/cmm/m/it --> OML/txmi/m/it on input line 58.
LaTeX Font Info:    Overwriting symbol font `letters' in version `bold'
(Font)                  OML/cmm/b/it --> OML/txmi/m/it on input line 58.
LaTeX Font Info:    Overwriting symbol font `letters' in version `bold'
(Font)                  OML/txmi/m/it --> OML/txmi/bx/it on input line 59.
\symlettersA=\mathgroup12
LaTeX Font Info:    Overwriting symbol font `lettersA' in version `bold'
(Font)                  U/txmia/m/it --> U/txmia/bx/it on input line 67.
LaTeX Font Info:    Redeclaring math alphabet \mathfrak on input line 70.
LaTeX Font Info:    Redeclaring symbol font `symbols' on input line 77.
LaTeX Font Info:    Overwriting symbol font `symbols' in version `normal'
(Font)                  OMS/cmsy/m/n --> OMS/txsy/m/n on input line 77.
LaTeX Font Info:    Overwriting symbol font `symbols' in version `bold'
(Font)                  OMS/cmsy/b/n --> OMS/txsy/m/n on input line 77.
LaTeX Font Info:    Overwriting symbol font `symbols' in version `bold'
(Font)                  OMS/txsy/m/n --> OMS/txsy/bx/n on input line 78.
LaTeX Font Info:    Redeclaring symbol font `AMSa' on input line 93.
LaTeX Font Info:    Overwriting symbol font `AMSa' in version `normal'
(Font)                  U/msa/m/n --> U/txsya/m/n on input line 93.
LaTeX Font Info:    Overwriting symbol font `AMSa' in version `bold'
(Font)                  U/msa/m/n --> U/txsya/m/n on input line 93.
LaTeX Font Info:    Overwriting symbol font `AMSa' in version `bold'
(Font)                  U/txsya/m/n --> U/txsya/bx/n on input line 94.
LaTeX Font Info:    Redeclaring symbol font `AMSb' on input line 102.
LaTeX Font Info:    Overwriting symbol font `AMSb' in version `normal'
(Font)                  U/msb/m/n --> U/txsyb/m/n on input line 102.
LaTeX Font Info:    Overwriting symbol font `AMSb' in version `bold'
(Font)                  U/msb/m/n --> U/txsyb/m/n on input line 102.
LaTeX Font Info:    Overwriting symbol font `AMSb' in version `bold'
(Font)                  U/txsyb/m/n --> U/txsyb/bx/n on input line 103.
\symsymbolsC=\mathgroup13
LaTeX Font Info:    Overwriting symbol font `symbolsC' in version `bold'
(Font)                  U/txsyc/m/n --> U/txsyc/bx/n on input line 113.
LaTeX Font Info:    Redeclaring symbol font `largesymbols' on input line 120.
LaTeX Font Info:    Overwriting symbol font `largesymbols' in version `normal'
(Font)                  OMX/cmex/m/n --> OMX/txex/m/n on input line 120.
LaTeX Font Info:    Overwriting symbol font `largesymbols' in version `bold'
(Font)                  OMX/cmex/m/n --> OMX/txex/m/n on input line 120.
LaTeX Font Info:    Overwriting symbol font `largesymbols' in version `bold'
(Font)                  OMX/txex/m/n --> OMX/txex/bx/n on input line 121.
\symlargesymbolsA=\mathgroup14
LaTeX Font Info:    Overwriting symbol font `largesymbolsA' in version `bold'
(Font)                  U/txexa/m/n --> U/txexa/bx/n on input line 129.
LaTeX Font Info:    Redeclaring math symbol \mathsterling on input line 164.
LaTeX Info: Redefining \not on input line 1043.
LaTeX Info: Redefining \textsquare on input line 1063.
LaTeX Info: Redefining \openbox on input line 1064.
) (/usr/local/texlive/2025/texmf-dist/tex/latex/tools/indentfirst.sty
Package: indentfirst 2023/07/02 v1.03 Indent first paragraph (DPC)
) (/usr/local/texlive/2025/texmf-dist/tex/latex/caption/caption.sty
Package: caption 2023/08/05 v3.6o Customizing captions (AR)
 (/usr/local/texlive/2025/texmf-dist/tex/latex/caption/caption3.sty
Package: caption3 2023/07/31 v2.4d caption3 kernel (AR)
\caption@tempdima=\dimen194
\captionmargin=\dimen195
\caption@leftmargin=\dimen196
\caption@rightmargin=\dimen197
\caption@width=\dimen198
\caption@indent=\dimen199
\caption@parindent=\dimen256
\caption@hangindent=\dimen257
Package caption Info: Standard document class detected.
)
\c@caption@flags=\count323
\c@continuedfloat=\count324
Package caption Info: hyperref package is loaded.
Package caption Info: listings package is loaded.
Package caption Info: longtable package is loaded.
 (/usr/local/texlive/2025/texmf-dist/tex/latex/caption/ltcaption.sty
Package: ltcaption 2021/01/08 v1.4c longtable captions (AR)
)) (/usr/local/texlive/2025/texmf-dist/tex/latex/lipsum/lipsum.sty (/usr/local/texlive/2025/texmf-dist/tex/latex/l3packages/l3keys2e/l3keys2e.sty (/usr/local/texlive/2025/texmf-dist/tex/latex/l3kernel/expl3.sty
Package: expl3 2025-01-18 L3 programming layer (loader) 
 (/usr/local/texlive/2025/texmf-dist/tex/latex/l3backend/l3backend-xetex.def
File: l3backend-xetex.def 2024-05-08 L3 backend support: XeTeX
\g__graphics_track_int=\count325
\l__pdf_internal_box=\box66
\g__pdf_backend_annotation_int=\count326
\g__pdf_backend_link_int=\count327
))
Package: l3keys2e 2024-08-16 LaTeX2e option processing using LaTeX3 keys
)
Package: lipsum 2021-09-20 v2.7 150 paragraphs of Lorem Ipsum dummy text
\g__lipsum_par_int=\count328
\l__lipsum_a_int=\count329
\l__lipsum_b_int=\count330
 (/usr/local/texlive/2025/texmf-dist/tex/latex/lipsum/lipsum.ltd.tex)) (/usr/local/texlive/2025/texmf-dist/tex/latex/caption/subcaption.sty
Package: subcaption 2023/07/28 v1.6b Sub-captions (AR)
Package caption Info: New subtype `subfigure' on input line 238.
\c@subfigure=\count331
Package caption Info: New subtype `subtable' on input line 238.
\c@subtable=\count332
) (/usr/local/texlive/2025/texmf-dist/tex/latex/lastpage/lastpage.sty
Package: lastpage 2025/01/27 v2.1e lastpage: 2.09 or 2e? (HMM)
 (/usr/local/texlive/2025/texmf-dist/tex/latex/lastpage/lastpage2e.sty
Package: lastpage2e 2025/01/27 v2.1e Decide which 2e lastpage version to use (HMM)
 (/usr/local/texlive/2025/texmf-dist/tex/latex/lastpage/lastpagemodern.sty
Package: lastpagemodern 2025-01-27 v2.1e Refers to last page's name (HMM; JPG)
\c@lastpagecount=\count333
) 
)) (/usr/local/texlive/2025/texmf-dist/tex/latex/ragged2e/ragged2e.sty
Package: ragged2e 2023/06/22 v3.6 ragged2e Package
\CenteringLeftskip=\skip88
\RaggedLeftLeftskip=\skip89
\RaggedRightLeftskip=\skip90
\CenteringRightskip=\skip91
\RaggedLeftRightskip=\skip92
\RaggedRightRightskip=\skip93
\CenteringParfillskip=\skip94
\RaggedLeftParfillskip=\skip95
\RaggedRightParfillskip=\skip96
\JustifyingParfillskip=\skip97
\CenteringParindent=\skip98
\RaggedLeftParindent=\skip99
\RaggedRightParindent=\skip100
\JustifyingParindent=\skip101
) (/usr/local/texlive/2025/texmf-dist/tex/latex/tocloft/tocloft.sty
Package: tocloft 2017/08/31 v2.3i parameterised ToC, etc., typesetting
Package tocloft Info: The document has section divisions on input line 51.
\cftparskip=\skip102
\cftbeforetoctitleskip=\skip103
\cftaftertoctitleskip=\skip104
\cftbeforepartskip=\skip105
\cftpartnumwidth=\skip106
\cftpartindent=\skip107
\cftbeforesecskip=\skip108
\cftsecindent=\skip109
\cftsecnumwidth=\skip110
\cftbeforesubsecskip=\skip111
\cftsubsecindent=\skip112
\cftsubsecnumwidth=\skip113
\cftbeforesubsubsecskip=\skip114
\cftsubsubsecindent=\skip115
\cftsubsubsecnumwidth=\skip116
\cftbeforeparaskip=\skip117
\cftparaindent=\skip118
\cftparanumwidth=\skip119
\cftbeforesubparaskip=\skip120
\cftsubparaindent=\skip121
\cftsubparanumwidth=\skip122
\cftbeforeloftitleskip=\skip123
\cftafterloftitleskip=\skip124
\cftbeforefigskip=\skip125
\cftfigindent=\skip126
\cftfignumwidth=\skip127
\c@lofdepth=\count334
\c@lotdepth=\count335
\cftbeforelottitleskip=\skip128
\cftafterlottitleskip=\skip129
\cftbeforetabskip=\skip130
\cfttabindent=\skip131
\cfttabnumwidth=\skip132
)
LaTeX Font Info:    Trying to load font information for T1+txr on input line 90.
 (/usr/local/texlive/2025/texmf-dist/tex/latex/txfonts/t1txr.fd
File: t1txr.fd 2000/12/15 v3.1
) (./main.aux)
\openout1 = `main.aux'.

LaTeX Font Info:    Checking defaults for OML/txmi/m/it on input line 90.
LaTeX Font Info:    Trying to load font information for OML+txmi on input line 90.
 (/usr/local/texlive/2025/texmf-dist/tex/latex/txfonts/omltxmi.fd
File: omltxmi.fd 2000/12/15 v3.1
)
LaTeX Font Info:    ... okay on input line 90.
LaTeX Font Info:    Checking defaults for OMS/txsy/m/n on input line 90.
LaTeX Font Info:    Trying to load font information for OMS+txsy on input line 90.
 (/usr/local/texlive/2025/texmf-dist/tex/latex/txfonts/omstxsy.fd
File: omstxsy.fd 2000/12/15 v3.1
)
LaTeX Font Info:    ... okay on input line 90.
LaTeX Font Info:    Checking defaults for OT1/cmr/m/n on input line 90.
LaTeX Font Info:    ... okay on input line 90.
LaTeX Font Info:    Checking defaults for T1/cmr/m/n on input line 90.
LaTeX Font Info:    ... okay on input line 90.
LaTeX Font Info:    Checking defaults for TS1/cmr/m/n on input line 90.
LaTeX Font Info:    ... okay on input line 90.
LaTeX Font Info:    Checking defaults for TU/lmr/m/n on input line 90.
LaTeX Font Info:    ... okay on input line 90.
LaTeX Font Info:    Checking defaults for OMX/txex/m/n on input line 90.
LaTeX Font Info:    Trying to load font information for OMX+txex on input line 90.
 (/usr/local/texlive/2025/texmf-dist/tex/latex/txfonts/omxtxex.fd
File: omxtxex.fd 2000/12/15 v3.1
)
LaTeX Font Info:    ... okay on input line 90.
LaTeX Font Info:    Checking defaults for U/txexa/m/n on input line 90.
LaTeX Font Info:    Trying to load font information for U+txexa on input line 90.
 (/usr/local/texlive/2025/texmf-dist/tex/latex/txfonts/utxexa.fd
File: utxexa.fd 2000/12/15 v3.1
)
LaTeX Font Info:    ... okay on input line 90.
LaTeX Font Info:    Checking defaults for PD1/pdf/m/n on input line 90.
LaTeX Font Info:    ... okay on input line 90.
LaTeX Font Info:    Checking defaults for PU/pdf/m/n on input line 90.
LaTeX Font Info:    ... okay on input line 90.
\c@lstlisting=\count336

*geometry* driver: auto-detecting
*geometry* detected driver: xetex
*geometry* verbose mode - [ preamble ] result:
* driver: xetex
* paper: letterpaper
* layout: <same size as paper>
* layoutoffset:(h,v)=(0.0pt,0.0pt)
* modes: 
* h-part:(L,W,R)=(72.26999pt, 469.75502pt, 72.26999pt)
* v-part:(T,H,B)=(72.26999pt, 650.43001pt, 72.26999pt)
* \paperwidth=614.295pt
* \paperheight=794.96999pt
* \textwidth=469.75502pt
* \textheight=650.43001pt
* \oddsidemargin=0.0pt
* \evensidemargin=0.0pt
* \topmargin=-37.0pt
* \headheight=12.0pt
* \headsep=25.0pt
* \topskip=12.0pt
* \footskip=30.0pt
* \marginparwidth=44.0pt
* \marginparsep=10.0pt
* \columnsep=10.0pt
* \skip\footins=10.8pt plus 4.0pt minus 2.0pt
* \hoffset=0.0pt
* \voffset=0.0pt
* \mag=1000
* \@twocolumnfalse
* \@twosidefalse
* \@mparswitchfalse
* \@reversemarginfalse
* (1in=72.27pt=25.4mm, 1cm=28.453pt)

Package hyperref Info: Link coloring OFF on input line 90.
(./main.out) (./main.out)
\@outlinefile=\write4
\openout4 = `main.out'.

Package caption Info: Begin \AtBeginDocument code.
Package caption Info: End \AtBeginDocument code.
 (./sections/0.Abstract.tex)
LaTeX Font Info:    Font shape `T1/txr/b/n' in size <12> not available
(Font)              Font shape `T1/txr/bx/n' tried instead on input line 94.
LaTeX Font Info:    Font shape `T1/txr/b/n' in size <17.28> not available
(Font)              Font shape `T1/txr/bx/n' tried instead on input line 94.
LaTeX Font Info:    Trying to load font information for T1+txtt on input line 94.
 (/usr/local/texlive/2025/texmf-dist/tex/latex/txfonts/t1txtt.fd
File: t1txtt.fd 2000/12/15 v3.1
)

[1

]
LaTeX Font Info:    Font shape `T1/txr/b/n' in size <20.74> not available
(Font)              Font shape `T1/txr/bx/n' tried instead on input line 99.
 (./main.toc
LaTeX Font Info:    Font shape `T1/txr/b/n' in size <10.95> not available
(Font)              Font shape `T1/txr/bx/n' tried instead on input line 1.
LaTeX Font Info:    Trying to load font information for OT1+txr on input line 1.
 (/usr/local/texlive/2025/texmf-dist/tex/latex/txfonts/ot1txr.fd
File: ot1txr.fd 2000/12/15 v3.1
)
LaTeX Font Info:    Trying to load font information for U+txsya on input line 1.
 (/usr/local/texlive/2025/texmf-dist/tex/latex/txfonts/utxsya.fd
File: utxsya.fd 2000/12/15 v3.1
)
LaTeX Font Info:    Trying to load font information for U+txsyb on input line 1.
 (/usr/local/texlive/2025/texmf-dist/tex/latex/txfonts/utxsyb.fd
File: utxsyb.fd 2000/12/15 v3.1
)
LaTeX Font Info:    Trying to load font information for U+rsfs on input line 1.
 (/usr/local/texlive/2025/texmf-dist/tex/latex/jknapltx/ursfs.fd
File: ursfs.fd 1998/03/24 rsfs font definition file (jk)
)
LaTeX Font Info:    Trying to load font information for U+lasy on input line 1.
 (/usr/local/texlive/2025/texmf-dist/tex/latex/base/ulasy.fd
File: ulasy.fd 1998/08/17 v2.2e LaTeX symbol font definitions
)
LaTeX Font Info:    Trying to load font information for U+txmia on input line 1.
 (/usr/local/texlive/2025/texmf-dist/tex/latex/txfonts/utxmia.fd
File: utxmia.fd 2000/12/15 v3.1
)
LaTeX Font Info:    Trying to load font information for U+txsyc on input line 1.
 (/usr/local/texlive/2025/texmf-dist/tex/latex/txfonts/utxsyc.fd
File: utxsyc.fd 2000/12/15 v3.1
))
\tf@toc=\write5
\openout5 = `main.toc'.



[1] (./sections/1.Introduction.tex
LaTeX Font Info:    Font shape `T1/txr/b/n' in size <14.4> not available
(Font)              Font shape `T1/txr/bx/n' tried instead on input line 2.


LaTeX Font Info:    Trying to load font information for T1+txss on input line 38.
(/usr/local/texlive/2025/texmf-dist/tex/latex/txfonts/t1txss.fd
File: t1txss.fd 2000/12/15 v3.1
)
LaTeX Font Info:    Font shape `T1/txss/m/n' will be
(Font)              scaled to size 10.40245pt on input line 38.
 [2]
File: ../figures/pipeline.png Graphic file (type bmp)
<../figures/pipeline.png>
) (./sections/2.Assumptions.tex
Overfull \hbox (20.10867pt too wide) in paragraph at lines 3--5
[]\T1/txr/bx/n/12 Assumption 1: (Data cor-rect-ness & struc-ture) \T1/txr/m/n/12 The Ex-cel file \T1/txtt/m/n/12 2026_MCM_Problem_C_Data.csv
 []


Overfull \hbox (4.38904pt too wide) in paragraph at lines 15--17
\T1/txr/m/n/12 na-tion rule regimes across sea-sons: an early-season ranking-based regime, a mid-season percentage-
 []

LaTeX Font Info:    Trying to load font information for TS1+txr on input line 22.
(/usr/local/texlive/2025/texmf-dist/tex/latex/txfonts/ts1txr.fd
File: ts1txr.fd 2000/12/15 v3.1
)

[3]) (./sections/3.Notations.tex
Overfull \hbox (469.75502pt too wide) detected at line 17
[]
 []


Underfull \hbox (badness 10000) in alignment at lines 16--21
[] []
 []


Underfull \hbox (badness 10000) in alignment at lines 21--27
[] []
 []


Underfull \hbox (badness 10000) in alignment at lines 27--31
[] []
 []


Underfull \hbox (badness 10000) in alignment at lines 31--34
[] []
 []


Underfull \hbox (badness 10000) in alignment at lines 34--96
[] []
 []

[4]) (./sections/4.Models.tex
Missing character: There is no ’ ("2019) in font t1xr!

Overfull \hbox (46.8647pt too wide) in paragraph at lines 29--33
\T1/txr/m/n/12 For each week we com-pute judge to-tals $\OML/txmi/m/it/12 J[]$ \T1/txr/m/n/12 from the avail-able judge columns (\T1/txtt/m/n/12 week{w}_judge{j}_score\T1/txr/m/n/12 ,
 []



[5]

[6]
Missing character: There is no ’ ("2019) in font t1xr!
Missing character: There is no ’ ("2019) in font t1xr!
File: ../main_model/results/figures_task1/T1_4_uncertainty_surface_1to1.png Graphic file (type bmp)
<../main_model/results/figures_task1/T1_4_uncertainty_surface_1to1.png>
File: ../main_model/results/figures_task1/T1_2_acceptance_surface_1to1.png Graphic file (type bmp)
<../main_model/results/figures_task1/T1_2_acceptance_surface_1to1.png>


[7]
File: ../main_model/results/figures_task1/T1_3_uncertainty_heatmap_jasa.png Graphic file (type bmp)
<../main_model/results/figures_task1/T1_3_uncertainty_heatmap_jasa.png>

Underfull \hbox (badness 10000) in paragraph at lines 151--151
[]\T1/txr/m/n/10.95 (a) |Week-level un-cer-tainty heatmap
 []

File: ../main_model/results/figures_task1/T1_1_acceptance_heatmap.png Graphic file (type bmp)
<../main_model/results/figures_task1/T1_1_acceptance_heatmap.png>
File: ../main_model/results/figures_task1/T2_1_consistency_by_season_ci.png Graphic file (type bmp)
<../main_model/results/figures_task1/T2_1_consistency_by_season_ci.png>
File: ../main_model/results/figures_task1/T2_4_posterior_bar_top12_origin_style.png Graphic file (type bmp)
<../main_model/results/figures_task1/T2_4_posterior_bar_top12_origin_style.png>


[8]
File: ../main_model/results/figures_task1/T2_2_flip_rate_rank_percent_diffcurve.png Graphic file (type bmp)
<../main_model/results/figures_task1/T2_2_flip_rate_rank_percent_diffcurve.png>
File: ../main_model/results/figures_task1/T2_3_benefit_kde_double.png Graphic file (type bmp)
<../main_model/results/figures_task1/T2_3_benefit_kde_double.png>


[9]
File: ../main_model/results/figures_task2/H1_acceptance_heatmap_seaborn.png Graphic file (type bmp)
<../main_model/results/figures_task2/H1_acceptance_heatmap_seaborn.png>
File: ../main_model/results/figures_task2/H2_uncertainty_heatmap_seaborn.png Graphic file (type bmp)
<../main_model/results/figures_task2/H2_uncertainty_heatmap_seaborn.png>

Underfull \hbox (badness 1852) in paragraph at lines 285--285
[]\T1/txr/m/n/12 Figure 9: |Task 2 di-ag-nos-tic: un-cer-tainty
 []


Overfull \hbox (0.12856pt too wide) in paragraph at lines 295--296
[]\T1/txtt/m/n/12 contestant_benefit_analysis.xlsx\T1/txr/m/n/12 : pre-dicted elim-i-na-tion week $\OML/txmi/m/it/12 E[]\OT1/txr/m/n/12 (\OMS/txsy/m/n/12 R\OML/txmi/m/it/12 ; []\OT1/txr/m/n/12 )$ \T1/txr/m/n/12 and
 []


Overfull \hbox (20.16814pt too wide) in paragraph at lines 296--297
[]\T1/txtt/m/n/12 task2_week_consistency_diff.xlsx \T1/txr/m/n/12 and \T1/txtt/m/n/12 task2_candidate_consistency_diff.xlsx\T1/txr/m/n/12 :
 []

File: ../main_model/results/figures_task2/C2_flip_rank_vs_percent_seaborn.png Graphic file (type bmp)
<../main_model/results/figures_task2/C2_flip_rank_vs_percent_seaborn.png>
File: ../main_model/results/figures_task2/E1_ecdf_percent_minus_rank_seaborn.png Graphic file (type bmp)
<../main_model/results/figures_task2/E1_ecdf_percent_minus_rank_seaborn.png>


[10]
File: ../main_model/results/figures_task2/C1_consistency_by_season_seaborn.png Graphic file (type bmp)
<../main_model/results/figures_task2/C1_consistency_by_season_seaborn.png>


[11]
LaTeX Font Info:    Font shape `T1/txtt/b/n' in size <12> not available
(Font)              Font shape `T1/txtt/bx/n' tried instead on input line 440.


[12]

[13]
File: ../main_model/results/figures_task3/T3_app_1_age_scatter_smooth.png Graphic file (type bmp)
<../main_model/results/figures_task3/T3_app_1_age_scatter_smooth.png>
File: ../main_model/results/figures_task3/T3_app_2_partner_grouped_bar.png Graphic file (type bmp)
<../main_model/results/figures_task3/T3_app_2_partner_grouped_bar.png>
File: ../main_model/results/figures_task3/T3_app_3_industry_grouped_bar.png Graphic file (type bmp)
<../main_model/results/figures_task3/T3_app_3_industry_grouped_bar.png>
File: ../main_model/results/figures_task3/T3_app_4_homestate_grouped_bar.png Graphic file (type bmp)
<../main_model/results/figures_task3/T3_app_4_homestate_grouped_bar.png>
File: ../main_model/results/figures_task3/T3_app_5_homecountry_grouped_bar.png Graphic file (type bmp)
<../main_model/results/figures_task3/T3_app_5_homecountry_grouped_bar.png>
File: ../main_model/results/figures_task3/T3_main_2_grouped_bar.png Graphic file (type bmp)
<../main_model/results/figures_task3/T3_main_2_grouped_bar.png>

Underfull \hbox (badness 1874) in paragraph at lines 574--574
[]\T1/txr/m/n/12 Figure 14: |Feature-importance com-par-i-son
 []


Underfull \hbox (badness 3930) in paragraph at lines 574--574
\T1/txr/m/n/12 across tar-gets (grouped co-ef-fi-cient mag-ni-
 []

File: ../main_model/results/figures_task3/T3_main_3_lambda_vs_cvr2.png Graphic file (type bmp)
<../main_model/results/figures_task3/T3_main_3_lambda_vs_cvr2.png>


[14]
File: ../main_model/results/figures_task3/T3_bonus_3d_surface_lambda_targets.png Graphic file (type bmp)
<../main_model/results/figures_task3/T3_bonus_3d_surface_lambda_targets.png>
File: ../main_model/results/figures_task3/T3_main_1_impact_heatmap.png Graphic file (type bmp)
<../main_model/results/figures_task3/T3_main_1_impact_heatmap.png>


[15]

[16]
Overfull \hbox (95.85237pt too wide) in paragraph at lines 644--646
\T1/txr/m/n/12 The tun-ing sweep records met-rics such as \T1/txtt/m/n/12 Consistency\T1/txr/m/n/12 , \T1/txtt/m/n/12 ExcitementRate\T1/txr/m/n/12 , and \T1/txtt/m/n/12 DeltaFanShareElim(FV-Actual)\T1/txr/m/n/12 ;
 []


Overfull \hbox (8.5129pt too wide) in paragraph at lines 669--671
[]\T1/txr/bx/n/12 Surface vi-su-al-iza-tion\T1/txr/m/n/12 : heatmaps over $\OT1/txr/m/n/12 (\OML/txmi/m/it/12 k; ^^\\OT1/txr/m/n/12 )$ \T1/txr/m/n/12 for Con-sis-tency / Ex-cite-men-tRate / fan-protection,
 []



[17]
File: ../main_model/results/figures_task4/T4_app_1_consistency_ridge_mondrian.png Graphic file (type bmp)
<../main_model/results/figures_task4/T4_app_1_consistency_ridge_mondrian.png>
File: ../main_model/results/figures_task4/T4_app_2_gate_rate_by_season.png Graphic file (type bmp)
<../main_model/results/figures_task4/T4_app_2_gate_rate_by_season.png>
File: ../main_model/results/figures_task4/T4_app_4_margin_hist.png Graphic file (type bmp)
<../main_model/results/figures_task4/T4_app_4_margin_hist.png>


[18]
File: ../main_model/results/figures_task4/T4_main_1_fan_favoring_hexbin.png Graphic file (type bmp)
<../main_model/results/figures_task4/T4_main_1_fan_favoring_hexbin.png>

Underfull \hbox (badness 2809) in paragraph at lines 758--758
[]\T1/txr/m/n/10.95 (a) |Week-level elim-i-nated fan share:
 []

File: ../main_model/results/figures_task4/T4_main_2_delta_fanshare_kde.png Graphic file (type bmp)
<../main_model/results/figures_task4/T4_main_2_delta_fanshare_kde.png>

Overfull \hbox (152.33592pt too wide) in paragraph at lines 773--774
[]\T1/txr/m/n/12 Robustness re-sults (met-ric sur-faces, boot-strap CIs, and LOSO sta-bil-ity) are pro-vided in \T1/txtt/m/n/12 task4_sensitivity_report.xlsx\T1/txr/m/n/12 ,
 []

) (./sections/5.Sensitivity Analysis.tex

[19]
File: ../main_model/results/figures/S1_sensitivity_alpha.png Graphic file (type bmp)
<../main_model/results/figures/S1_sensitivity_alpha.png>
File: ../main_model/results/figures/S2_sensitivity_budget.png Graphic file (type bmp)
<../main_model/results/figures/S2_sensitivity_budget.png>

Overfull \hbox (1.16049pt too wide) in paragraph at lines 37--43
\T1/txtt/m/n/12 Performance_WeeksSurvived\T1/txr/m/n/12 , while \T1/txtt/m/n/12 Fans_AvgFanShare \T1/txr/m/n/12 re-mains the most dif-fi-cult tar-get. Fig-
 []

File: ../main_model/results/figures_task3_sensitivity/T3S_1_seed_stability_box.png Graphic file (type bmp)
<../main_model/results/figures_task3_sensitivity/T3S_1_seed_stability_box.png>
File: ../main_model/results/figures_task3_sensitivity/T3S_3_beta_ci_dotplot.png Graphic file (type bmp)
<../main_model/results/figures_task3_sensitivity/T3S_3_beta_ci_dotplot.png>
File: ../main_model/results/figures_task3_sensitivity/T3S_4_lambda_curve.png Graphic file (type bmp)
<../main_model/results/figures_task3_sensitivity/T3S_4_lambda_curve.png>


[20]
File: ../main_model/results/figures_task4_sensitivity/T4S_5_loso_stability_jitter_median.png Graphic file (type bmp)
<../main_model/results/figures_task4_sensitivity/T4S_5_loso_stability_jitter_median.png>
File: ../main_model/results/figures_task4_sensitivity/T4S_3c_r2_surface_heatmap.png Graphic file (type bmp)
<../main_model/results/figures_task4_sensitivity/T4S_3c_r2_surface_heatmap.png>
File: ../main_model/results/figures_task4_sensitivity/T4S_2_excitement_surface_heatmap.png Graphic file (type bmp)
<../main_model/results/figures_task4_sensitivity/T4S_2_excitement_surface_heatmap.png>
File: ../main_model/results/figures_task4_sensitivity/T4S_3_fan_favoring_surface_heatmap.png Graphic file (type bmp)
<../main_model/results/figures_task4_sensitivity/T4S_3_fan_favoring_surface_heatmap.png>
File: ../main_model/results/figures_task4_sensitivity/T4S_3b_bsi_surface_heatmap.png Graphic file (type bmp)
<../main_model/results/figures_task4_sensitivity/T4S_3b_bsi_surface_heatmap.png>
) (./sections/6.Model Evaluation and Promotion.tex

[21]) (./sections/7.Memo: Model Overview and Key Takeaways.tex

[22]
Overfull \hbox (0.74097pt too wide) in paragraph at lines 25--28
\T1/txr/bx/n/12 Evidence (sta-bil-ity). \T1/txr/m/n/12 Re-play-ing elim-i-na-tions us-ing in-ferred fan sup-port matches his-tory in \T1/txr/bx/n/12 229/229
 []

) (./sections/8.References.tex

[23]) (./sections/9.Appendices.tex) (./sections/10.AI.tex)

[24] 
enddocument/afterlastpage (AED): lastpage setting LastPage.
(./main.aux)
 ***********
LaTeX2e <2024-11-01> patch level 2
L3 programming layer <2025-01-18>
 ***********
Package rerunfilecheck Info: File `main.out' has not changed.
(rerunfilecheck)             Checksum: C7B6C88C77AD8A94B86AFD2511CA661A;7202.
 ) 
Here is how much of TeX's memory you used:
 17976 strings out of 473832
 306769 string characters out of 5729481
 897399 words of memory out of 5000000
 40581 multiletter control sequences out of 15000+600000
 627404 words of font info for 175 fonts, out of 8000000 for 9000
 1348 hyphenation exceptions out of 8191
 87i,13n,117p,691b,793s stack positions out of 10000i,1000n,20000p,200000b,200000s

Output written on main.pdf (25 pages).
